{"level":"info","message":"There Be Dragons undefined 5.9","timestamp":"2017-06-09T01:03:40.970Z"}
{"level":"info","message":"The Movie - There Be Dragons undefined 5.9","timestamp":"2017-06-09T01:08:39.583Z"}
{"level":"info","message":"The Movie - There Be Dragons undefined 5.9","timestamp":"2017-06-09T01:09:38.005Z"}
{"level":"info","message":"The Movie - There Be Dragons 2011 5.9","timestamp":"2017-06-09T01:10:29.440Z"}
{"level":"info","message":"the tweet - RT @jobely: #Android app developer? Looking for a #job or #hiring? Look at #Jobely https://t.co/7zBsHC58V1 #androiddev #itjobs","timestamp":"2017-06-09T01:11:37.342Z"}
{"level":"info","message":"the tweet - #Android app developer? Looking for a #job or #hiring? Look at #Jobely https://t.co/7zBsHC58V1 #androiddev #itjobs","timestamp":"2017-06-09T01:11:37.344Z"}
{"level":"info","message":"the tweet - Looking for a #Job in Chicago? New #jobs in #Chicago https://t.co/JWv80yNQFQ #jobely","timestamp":"2017-06-09T01:11:37.346Z"}
{"level":"info","message":"the tweet - #Engineer looking for a #Job in #SF? New #jobs in San Francisco https://t.co/DD9DA6VjQI #jobely","timestamp":"2017-06-09T01:11:37.346Z"}
{"level":"info","message":"the tweet - Looking for #hiring and #job in #Seattle? https://t.co/yTKNgIMcdS #jobely","timestamp":"2017-06-09T01:11:37.347Z"}
{"level":"info","message":"Song - Frank Zappa Freak Out!","timestamp":"2017-06-09T01:16:41.758Z"}
{"level":"info","message":"Song - Discharge End of Days","timestamp":"2017-06-09T01:16:41.760Z"}
{"level":"info","message":"Song - Nancy Babich It Can't Happen Here","timestamp":"2017-06-09T01:16:41.766Z"}
{"level":"info","message":"Song - Chris Leide It Can't Happen Here","timestamp":"2017-06-09T01:16:41.767Z"}
{"level":"info","message":"Song - Frank Zappa Mothermania","timestamp":"2017-06-09T01:16:41.769Z"}
{"level":"info","message":"Song - Frank Zappa Understanding America","timestamp":"2017-06-09T01:16:41.770Z"}
{"level":"info","message":"Song - Frank Zappa Road Tapes, Venue #3 (Live Tyrone Guthrie Theater, Minneapolis, MN 5 July 1970)","timestamp":"2017-06-09T01:16:41.771Z"}
{"level":"info","message":"Song - Steven Lance New World","timestamp":"2017-06-09T01:16:41.771Z"}
{"level":"info","message":"Song - Brand New Trash Brand New Trash","timestamp":"2017-06-09T01:16:41.772Z"}
{"level":"info","message":"Song - Disaster Strikes Liberty Toast","timestamp":"2017-06-09T01:16:41.772Z"}
{"level":"info","message":"Song - Frank Zappa it can't happen here Freak Out!","timestamp":"2017-06-09T01:46:50.370Z"}
{"level":"info","message":"Song - Discharge it can't happen here End of Days","timestamp":"2017-06-09T01:46:50.372Z"}
{"level":"info","message":"Song - Nancy Babich it can't happen here It Can't Happen Here","timestamp":"2017-06-09T01:46:50.373Z"}
{"level":"info","message":"Song - Chris Leide it can't happen here It Can't Happen Here","timestamp":"2017-06-09T01:46:50.380Z"}
{"level":"info","message":"Song - Frank Zappa it can't happen here Mothermania","timestamp":"2017-06-09T01:46:50.380Z"}
{"level":"info","message":"Song - Frank Zappa it can't happen here Understanding America","timestamp":"2017-06-09T01:46:50.381Z"}
{"level":"info","message":"Song - Frank Zappa it can't happen here Road Tapes, Venue #3 (Live Tyrone Guthrie Theater, Minneapolis, MN 5 July 1970)","timestamp":"2017-06-09T01:46:50.382Z"}
{"level":"info","message":"Song - Steven Lance it can't happen here New World","timestamp":"2017-06-09T01:46:50.383Z"}
{"level":"info","message":"Song - Brand New Trash it can't happen here Brand New Trash","timestamp":"2017-06-09T01:46:50.383Z"}
{"level":"info","message":"Song - Disaster Strikes it can't happen here Liberty Toast","timestamp":"2017-06-09T01:46:50.384Z"}
{"level":"info","message":"Song - Frank Zappa it can't happen here Freak Out!","timestamp":"2017-06-09T02:02:20.351Z"}
{"level":"info","message":"Song - Discharge it can't happen here End of Days","timestamp":"2017-06-09T02:02:20.354Z"}
{"level":"info","message":"Song - Nancy Babich it can't happen here It Can't Happen Here","timestamp":"2017-06-09T02:02:20.360Z"}
{"level":"info","message":"Song - Chris Leide it can't happen here It Can't Happen Here","timestamp":"2017-06-09T02:02:20.361Z"}
{"level":"info","message":"Song - Frank Zappa it can't happen here Mothermania","timestamp":"2017-06-09T02:02:20.362Z"}
{"level":"info","message":"Song - Frank Zappa it can't happen here Understanding America","timestamp":"2017-06-09T02:02:20.362Z"}
{"level":"info","message":"Song - Frank Zappa it can't happen here Road Tapes, Venue #3 (Live Tyrone Guthrie Theater, Minneapolis, MN 5 July 1970)","timestamp":"2017-06-09T02:02:20.363Z"}
{"level":"info","message":"Song - Steven Lance it can't happen here New World","timestamp":"2017-06-09T02:02:20.364Z"}
{"level":"info","message":"Song - Brand New Trash it can't happen here Brand New Trash","timestamp":"2017-06-09T02:02:20.364Z"}
{"level":"info","message":"Song - Disaster Strikes it can't happen here Liberty Toast","timestamp":"2017-06-09T02:02:20.365Z"}
{"level":"info","message":"the tweet - #Job opening for a #store #manager: https://t.co/9w8mxoqSN8 #jobely","timestamp":"2017-06-09T02:02:29.025Z"}
{"level":"info","message":"the tweet - RT @jobely: #Sysadmin? Check #job listings for #system administrators https://t.co/SNZ7dUtbLO","timestamp":"2017-06-09T02:02:29.028Z"}
{"level":"info","message":"the tweet - #Sysadmin? Check #job listings for #system administrators https://t.co/SNZ7dUtbLO","timestamp":"2017-06-09T02:02:29.029Z"}
{"level":"info","message":"the tweet - RT @jobely: #Android app developer? Looking for a #job or #hiring? Look at #Jobely https://t.co/7zBsHC58V1 #androiddev #itjobs","timestamp":"2017-06-09T02:02:29.030Z"}
{"level":"info","message":"the tweet - #Android app developer? Looking for a #job or #hiring? Look at #Jobely https://t.co/7zBsHC58V1 #androiddev #itjobs","timestamp":"2017-06-09T02:02:29.035Z"}
{"level":"info","message":"Song - Frank Zappa it can't happen here Freak Out!","timestamp":"2017-06-09T02:07:01.539Z"}
{"level":"info","message":"Song - Discharge it can't happen here End of Days","timestamp":"2017-06-09T02:07:01.547Z"}
{"level":"info","message":"Song - Nancy Babich it can't happen here It Can't Happen Here","timestamp":"2017-06-09T02:07:01.548Z"}
{"level":"info","message":"Song - Chris Leide it can't happen here It Can't Happen Here","timestamp":"2017-06-09T02:07:01.549Z"}
{"level":"info","message":"Song - Frank Zappa it can't happen here Mothermania","timestamp":"2017-06-09T02:07:01.549Z"}
{"level":"info","message":"Song - Frank Zappa it can't happen here Understanding America","timestamp":"2017-06-09T02:07:01.549Z"}
{"level":"info","message":"Song - Frank Zappa it can't happen here Road Tapes, Venue #3 (Live Tyrone Guthrie Theater, Minneapolis, MN 5 July 1970)","timestamp":"2017-06-09T02:07:01.551Z"}
{"level":"info","message":"Song - Steven Lance it can't happen here New World","timestamp":"2017-06-09T02:07:01.551Z"}
{"level":"info","message":"Song - Brand New Trash it can't happen here Brand New Trash","timestamp":"2017-06-09T02:07:01.552Z"}
{"level":"info","message":"Song - Disaster Strikes it can't happen here Liberty Toast","timestamp":"2017-06-09T02:07:01.552Z"}
{"level":"info","message":"the tweet - #Job opening for a #store #manager: https://t.co/9w8mxoqSN8 #jobely","timestamp":"2017-06-09T02:07:10.507Z"}
{"level":"info","message":"the tweet - RT @jobely: #Sysadmin? Check #job listings for #system administrators https://t.co/SNZ7dUtbLO","timestamp":"2017-06-09T02:07:10.509Z"}
{"level":"info","message":"the tweet - #Sysadmin? Check #job listings for #system administrators https://t.co/SNZ7dUtbLO","timestamp":"2017-06-09T02:07:10.510Z"}
{"level":"info","message":"the tweet - RT @jobely: #Android app developer? Looking for a #job or #hiring? Look at #Jobely https://t.co/7zBsHC58V1 #androiddev #itjobs","timestamp":"2017-06-09T02:07:10.510Z"}
{"level":"info","message":"the tweet - #Android app developer? Looking for a #job or #hiring? Look at #Jobely https://t.co/7zBsHC58V1 #androiddev #itjobs","timestamp":"2017-06-09T02:07:10.510Z"}
{"level":"info","message":"The Movie - There Be Dragons 2011 5.9","timestamp":"2017-06-09T02:07:30.422Z"}
