{"level":"info","message":"9 '
{
	\"Title\":\"Bullets Over Broadway\",
	\"Year\":\"1994\",
	\"Rated\":\"R\",
	\"Released\":\"24 Feb 1995\",
	\"Runtime\":\"98 min\",
	\"Genre\":\"Comedy,Crime\",
	 \"Director\":\"Woody Allen\",
	 \"Writer\":\"Woody Allen, Douglas McGrath\",
	 \"Actors\":\"John Cusack, Dianne Wiest, Jennifer Tilly, Chazz Palminteri\",
	 \"Plot\":\"In New York in 1928, a struggling playwright is forced to cast a mobster\\'s talentless girlfriend in his latest drama in order to get it produced.\",
	 \"Language\":\"English\",
	 \"Country\":\"USA\",
	 \"Awards\":\"Won 1 Oscar. Another 20 wins & 20 nominations.\",
	 \"Poster\":\"https://images-na.ssl-images-amazon.com/images/M/MV5BM2M4MWU5NzItYTBkOC00ZjYxLTljZWEtYWMzODY3YmExMWY4XkEyXkFqcGdeQXVyMTAwMzUyOTc@._V1_SX300.jpg\",
	 \"Ratings\":
	[{
		\"Source\":\"Internet Movie Database\",
		\"Value\":\"7.5/10\"
 	},
	{
		\"Source\":\"Rotten Tomatoes\",
		\"Value\":\"96%\"
	}],
	\"Metascore\":\"N/A\",
	\"imdbRating\":\"7.5\",
	\"imdbVotes\":\"30,747\",
	\"imdbID\":\"tt0109348\",
	\"Type\":\"movie\",
	\"DVD\":\"N/A\",
	\"BoxOffice\":\"N/A\",
	\"Production\":\"Miramax Films\",
	\"Website\":\"N/A\",
	\"Response\":\"True\"
}
	'","timestamp":"2017-06-07T02:41:15.799Z"
}
{
	"level":"info","message":"9 '
	{
		\"Title\":\"Bullets Over Broadway\",
		\"Year\":\"1994\",
		\"Rated\":\"R\",
		\"Released\":\"24 Feb 1995\",
		\"Runtime\":\"98 min\",
		\"Genre\":\"Comedy, Crime\",
		\"Director\":\"Woody Allen\",
		\"Writer\":\"Woody Allen, Douglas McGrath\",
		\"Actors\":\"John Cusack, Dianne Wiest, Jennifer Tilly, Chazz Palminteri\",
		\"Plot\":\"In New York in 1928, a struggling playwright is forced to cast a mobster\\'s talentless girlfriend in his latest drama in order to get it produced.\",\"Language\":\"English\",\"Country\":\"USA\",\"Awards\":\"Won 1 Oscar. Another 20 wins & 20 nominations.\",\"Poster\":\"https://images-na.ssl-images-amazon.com/images/M/MV5BM2M4MWU5NzItYTBkOC00ZjYxLTljZWEtYWMzODY3YmExMWY4XkEyXkFqcGdeQXVyMTAwMzUyOTc@._V1_SX300.jpg\",\"Ratings\":[{\"Source\":\"Internet Movie Database\",\"Value\":\"7.5/10\"},{\"Source\":\"Rotten Tomatoes\",\"Value\":\"96%\"}],\"Metascore\":\"N/A\",\"imdbRating\":\"7.5\",\"imdbVotes\":\"30,747\",\"imdbID\":\"tt0109348\",\"Type\":\"movie\",\"DVD\":\"N/A\",\"BoxOffice\":\"N/A\",\"Production\":\"Miramax Films\",\"Website\":\"N/A\",\"Response\":\"True\"}'","timestamp":"2017-06-07T02:42:07.723Z"}
